<?xml version="1.0" encoding="UTF-8"?>
<!-- Generated by org.testng.reporters.JUnitReportReporter -->
<testsuite hostname="LAPTOP-0REHHPBQ" failures="0" tests="1" name="runner_Skip_Scenario.TestRunner" time="37.490" errors="0" timestamp="2023-01-24T15:31:20 IST" skipped="0">
  <testcase classname="runner_Skip_Scenario.TestRunner" name="runScenario" time="37.490"/>
  <system-out/>
</testsuite> <!-- runner_Skip_Scenario.TestRunner -->
