<?xml version="1.0" encoding="UTF-8"?>
<!-- Generated by org.testng.reporters.JUnitReportReporter -->
<testsuite hostname="LAPTOP-0REHHPBQ" failures="0" tests="3" name="runner.TestRunner" time="96.636" errors="0" timestamp="2023-02-02T15:51:00 IST" skipped="0">
  <testcase classname="runner.TestRunner" name="runScenario" time="31.081"/>
  <system-out/>
  <testcase classname="runner.TestRunner" name="runScenario" time="33.470"/>
  <system-out/>
  <testcase classname="runner.TestRunner" name="runScenario" time="32.085"/>
  <system-out/>
</testsuite> <!-- runner.TestRunner -->
