<?xml version="1.0" encoding="UTF-8"?>
<!-- Generated by org.testng.reporters.JUnitReportReporter -->
<testsuite hostname="LAPTOP-0REHHPBQ" failures="0" tests="3" name="hooks.TestRunner" time="167.936" errors="0" timestamp="2023-01-24T15:45:29 IST" skipped="0">
  <testcase classname="hooks.TestRunner" name="runScenario" time="44.928"/>
  <system-out/>
  <testcase classname="hooks.TestRunner" name="runScenario" time="38.852"/>
  <system-out/>
  <testcase classname="hooks.TestRunner" name="runScenario" time="84.156"/>
  <system-out/>
</testsuite> <!-- hooks.TestRunner -->
